#
# There is insufficient memory for the Java Runtime Environment to continue.
# Native memory allocation (mmap) failed to map 264241152 bytes for G1 virtual space
# Possible reasons:
#   The system is out of physical RAM or swap space
#   The process is running with CompressedOops enabled, and the Java Heap may be blocking the growth of the native heap
# Possible solutions:
#   Reduce memory load on the system
#   Increase physical memory or swap space
#   Check if swap backing store is full
#   Decrease Java heap size (-Xmx/-Xms)
#   Decrease number of Java threads
#   Decrease Java thread stack sizes (-Xss)
#   Set larger code cache with -XX:ReservedCodeCacheSize=
#   JVM is running with Zero Based Compressed Oops mode in which the Java heap is
#     placed in the first 32GB address space. The Java Heap base address is the
#     maximum limit for the native heap growth. Please use -XX:HeapBaseMinAddress
#     to set the Java Heap base and to place the Java Heap above 32GB virtual address.
# This output file may be truncated or incomplete.
#
#  Out of Memory Error (os_windows.cpp:3530), pid=41212, tid=39860
#
# JRE version:  (18.0.1+10) (build )
# Java VM: Java HotSpot(TM) 64-Bit Server VM (18.0.1+10-24, mixed mode, sharing, tiered, compressed oops, compressed class ptrs, g1 gc, windows-amd64)
# No core dump will be written. Minidumps are not enabled by default on client versions of Windows
#

---------------  S U M M A R Y ------------

Command Line: -Dfile.encoding=UTF-8 -XX:+ShowCodeDetailsInExceptionMessages Main

Host: 11th Gen Intel(R) Core(TM) i5-11320H @ 3.20GHz, 8 cores, 15G,  Windows 11 , 64 bit Build 22621 (10.0.22621.1344)
Time: Fri Apr  7 01:10:52 2023 India Standard Time elapsed time: 0.011498 seconds (0d 0h 0m 0s)

---------------  T H R E A D  ---------------

Current thread (0x000001f51c71bd60):  JavaThread "Unknown thread" [_thread_in_vm, id=39860, stack(0x000000b771700000,0x000000b771800000)]

Stack: [0x000000b771700000,0x000000b771800000]
Native frames: (J=compiled Java code, j=interpreted, Vv=VM code, C=native code)
V  [jvm.dll+0x69887a]
V  [jvm.dll+0x7f38bd]
V  [jvm.dll+0x7f51ce]
V  [jvm.dll+0x7f5883]
V  [jvm.dll+0x25ca3f]
V  [jvm.dll+0x6957c9]
V  [jvm.dll+0x68a2fa]
V  [jvm.dll+0x321efb]
V  [jvm.dll+0x3298d6]
V  [jvm.dll+0x37e47e]
V  [jvm.dll+0x37e6af]
V  [jvm.dll+0x2f9c7a]
V  [jvm.dll+0x2facdd]
V  [jvm.dll+0x7c24f0]
V  [jvm.dll+0x38b801]
V  [jvm.dll+0x7a1203]
V  [jvm.dll+0x40d6bf]
V  [jvm.dll+0x40f091]
C  [jli.dll+0x526b]
C  [ucrtbase.dll+0x29363]
C  [KERNEL32.DLL+0x126bd]
C  [ntdll.dll+0x5a9f8]


---------------  P R O C E S S  ---------------

Threads class SMR info:
_java_thread_list=0x00007ffa151fd550, length=0, elements={
}

Java Threads: ( => current thread )

Other Threads:
  0x000001f51c78e4d0 WorkerThread "GC Thread#0" [stack: 0x000000b771800000,0x000000b771900000] [id=40552]
  0x000001f51c79f000 ConcurrentGCThread "G1 Main Marker" [stack: 0x000000b771900000,0x000000b771a00000] [id=35340]
  0x000001f51c79f9f0 WorkerThread "G1 Conc#0" [stack: 0x000000b771a00000,0x000000b771b00000] [id=41824]

[error occurred during error reporting (printing all threads), id 0xc0000005, EXCEPTION_ACCESS_VIOLATION (0xc0000005) at pc=0x00007ffa14a2a217]

VM state: not at safepoint (not fully initialized)

VM Mutex/Monitor currently owned by a thread:  ([mutex/lock_event])
[0x000001f51c716cd0] Heap_lock - owner thread: 0x000001f51c71bd60

Heap address: 0x0000000704000000, size: 4032 MB, Compressed Oops mode: Zero based, Oop shift amount: 3

CDS archive(s) mapped at: [0x0000000000000000-0x0000000000000000-0x0000000000000000), size 0, SharedBaseAddress: 0x0000000800000000, ArchiveRelocationMode: 0.
Narrow klass base: 0x0000000000000000, Narrow klass shift: 0, Narrow klass range: 0x0

GC Precious Log:
 CardTable entry size: 512
 Card Set container configuration: InlinePtr #cards 4 size 8 Array Of Cards #cards 16 size 48 Howl #buckets 8 coarsen threshold 3686 Howl Bitmap #cards 512 size 80 coarsen threshold 460 Card regions per heap region 1 cards per card region 4096

Heap:
 garbage-first heap   total 0K, used 0K [0x0000000704000000, 0x0000000800000000)
  region size 2048K, 0 young (0K), 0 survivors (0K)

[error occurred during error reporting (printing heap information), id 0xc0000005, EXCEPTION_ACCESS_VIOLATION (0xc0000005) at pc=0x00007ffa14e10cb9]

GC Heap History (0 events):
No events

Deoptimization events (0 events):
No events

Classes loaded (0 events):
No events

Classes unloaded (0 events):
No events

Classes redefined (0 events):
No events

Internal exceptions (0 events):
No events

VM Operations (0 events):
No events

Events (1 events):
Event: 0.008 Loaded shared library C:\Program Files\Java\jdk-18.0.1\bin\java.dll


Dynamic libraries:
0x00007ff7990b0000 - 0x00007ff7990c0000 	C:\Program Files\Java\jdk-18.0.1\bin\javaw.exe
0x00007ffa76a70000 - 0x00007ffa76c84000 	C:\WINDOWS\SYSTEM32\ntdll.dll
0x00007ffa756c0000 - 0x00007ffa75783000 	C:\WINDOWS\System32\KERNEL32.DLL
0x00007ffa74300000 - 0x00007ffa7469c000 	C:\WINDOWS\System32\KERNELBASE.dll
0x00007ffa73ee0000 - 0x00007ffa73ff1000 	C:\WINDOWS\System32\ucrtbase.dll
0x00007ffa66b40000 - 0x00007ffa66b5a000 	C:\Program Files\Java\jdk-18.0.1\bin\VCRUNTIME140.dll
0x00007ffa6c1a0000 - 0x00007ffa6c1b8000 	C:\Program Files\Java\jdk-18.0.1\bin\jli.dll
0x00007ffa75570000 - 0x00007ffa7561e000 	C:\WINDOWS\System32\ADVAPI32.dll
0x00007ffa754c0000 - 0x00007ffa75567000 	C:\WINDOWS\System32\msvcrt.dll
0x00007ffa758e0000 - 0x00007ffa75984000 	C:\WINDOWS\System32\sechost.dll
0x00007ffa76890000 - 0x00007ffa769a5000 	C:\WINDOWS\System32\RPCRT4.dll
0x00007ffa75ed0000 - 0x00007ffa7607d000 	C:\WINDOWS\System32\USER32.dll
0x00007ffa73eb0000 - 0x00007ffa73ed6000 	C:\WINDOWS\System32\win32u.dll
0x00007ffa75840000 - 0x00007ffa75869000 	C:\WINDOWS\System32\GDI32.dll
0x00007ffa5d2a0000 - 0x00007ffa5d52e000 	C:\WINDOWS\WinSxS\amd64_microsoft.windows.common-controls_6595b64144ccf1df_6.0.22621.608_none_a9444ca7c10bb01d\COMCTL32.dll
0x00007ffa74160000 - 0x00007ffa74273000 	C:\WINDOWS\System32\gdi32full.dll
0x00007ffa74000000 - 0x00007ffa7409a000 	C:\WINDOWS\System32\msvcp_win.dll
0x00007ffa66a10000 - 0x00007ffa66a1a000 	C:\WINDOWS\SYSTEM32\VERSION.dll
0x00007ffa750a0000 - 0x00007ffa750d1000 	C:\WINDOWS\System32\IMM32.DLL
0x00007ffa6d860000 - 0x00007ffa6d86c000 	C:\Program Files\Java\jdk-18.0.1\bin\vcruntime140_1.dll
0x00007ffa5a810000 - 0x00007ffa5a89d000 	C:\Program Files\Java\jdk-18.0.1\bin\msvcp140.dll
0x00007ffa14720000 - 0x00007ffa15330000 	C:\Program Files\Java\jdk-18.0.1\bin\server\jvm.dll
0x00007ffa758d0000 - 0x00007ffa758d8000 	C:\WINDOWS\System32\PSAPI.DLL
0x00007ffa71930000 - 0x00007ffa71964000 	C:\WINDOWS\SYSTEM32\WINMM.dll
0x00007ffa58ea0000 - 0x00007ffa58ea9000 	C:\WINDOWS\SYSTEM32\WSOCK32.dll
0x00007ffa769b0000 - 0x00007ffa76a21000 	C:\WINDOWS\System32\WS2_32.dll
0x00007ffa72fc0000 - 0x00007ffa72fd8000 	C:\WINDOWS\SYSTEM32\kernel.appcore.dll
0x00007ffa6d7f0000 - 0x00007ffa6d7fa000 	C:\Program Files\Java\jdk-18.0.1\bin\jimage.dll
0x00007ffa716d0000 - 0x00007ffa718fe000 	C:\WINDOWS\SYSTEM32\DBGHELP.DLL
0x00007ffa74880000 - 0x00007ffa74c09000 	C:\WINDOWS\System32\combase.dll
0x00007ffa75310000 - 0x00007ffa753e7000 	C:\WINDOWS\System32\OLEAUT32.dll
0x00007ffa71670000 - 0x00007ffa716a2000 	C:\WINDOWS\SYSTEM32\dbgcore.DLL
0x00007ffa74280000 - 0x00007ffa742fb000 	C:\WINDOWS\System32\bcryptPrimitives.dll
0x00007ffa643a0000 - 0x00007ffa643c5000 	C:\Program Files\Java\jdk-18.0.1\bin\java.dll

dbghelp: loaded successfully - version: 4.0.5 - missing functions: none
symbol engine: initialized successfully - sym options: 0x614 - pdb path: .;C:\Program Files\Java\jdk-18.0.1\bin;C:\WINDOWS\SYSTEM32;C:\WINDOWS\WinSxS\amd64_microsoft.windows.common-controls_6595b64144ccf1df_6.0.22621.608_none_a9444ca7c10bb01d;C:\Program Files\Java\jdk-18.0.1\bin\server

VM Arguments:
jvm_args: -Dfile.encoding=UTF-8 -XX:+ShowCodeDetailsInExceptionMessages 
java_command: Main
java_class_path (initial): D:\accadmy\mca course\sem-4\practical\NITC_travel_1\bin;C:\Users\praka\Downloads\Software\mysql-connector-j-8.0.31\mysql-connector-j-8.0.31.jar;C:\Users\praka\Downloads\Software\jcalendar-1.4.jar
Launcher Type: SUN_STANDARD

[Global flags]
     intx CICompilerCount                          = 4                                         {product} {ergonomic}
     uint ConcGCThreads                            = 2                                         {product} {ergonomic}
     uint G1ConcRefinementThreads                  = 8                                         {product} {ergonomic}
   size_t G1HeapRegionSize                         = 2097152                                   {product} {ergonomic}
    uintx GCDrainStackTargetSize                   = 64                                        {product} {ergonomic}
   size_t InitialHeapSize                          = 264241152                                 {product} {ergonomic}
   size_t MarkStackSize                            = 4194304                                   {product} {ergonomic}
   size_t MaxHeapSize                              = 4227858432                                {product} {ergonomic}
   size_t MinHeapDeltaBytes                        = 2097152                                   {product} {ergonomic}
   size_t MinHeapSize                              = 8388608                                   {product} {ergonomic}
    uintx NonNMethodCodeHeapSize                   = 5839372                                {pd product} {ergonomic}
    uintx NonProfiledCodeHeapSize                  = 122909434                              {pd product} {ergonomic}
    uintx ProfiledCodeHeapSize                     = 122909434                              {pd product} {ergonomic}
    uintx ReservedCodeCacheSize                    = 251658240                              {pd product} {ergonomic}
     bool SegmentedCodeCache                       = true                                      {product} {ergonomic}
     bool ShowCodeDetailsInExceptionMessages       = true                                   {manageable} {command line}
   size_t SoftMaxHeapSize                          = 4227858432                             {manageable} {ergonomic}
     bool UseCompressedClassPointers               = true                           {product lp64_product} {ergonomic}
     bool UseCompressedOops                        = true                           {product lp64_product} {ergonomic}
     bool UseG1GC                                  = true                                      {product} {ergonomic}
     bool UseLargePagesIndividualAllocation        = false                                  {pd product} {ergonomic}

Logging:
Log output configuration:
 #0: stdout all=warning uptime,level,tags foldmultilines=false
 #1: stderr all=off uptime,level,tags foldmultilines=false

Environment Variables:
JAVA_HOME=C:\Program Files\Java\jdk-18.0.1
PATH=C:\Program Files\Common Files\Oracle\Java\javapath;C:\WINDOWS\system32;C:\WINDOWS;C:\WINDOWS\System32\Wbem;C:\WINDOWS\System32\WindowsPowerShell\v1.0\;C:\WINDOWS\System32\OpenSSH\;C:\Ruby31-x64\bin;C:\Program Files\dotnet\;C:\sqlite;C:\Program Files\Git\cmd;c:\users\praka\appdata\roaming\python\python311\site-packages;C:\Program Files\nodejs\;C:\Program Files\MySQL\MySQL Shell 8.0\bin\;C:\Users\praka\AppData\Local\Microsoft\WindowsApps;C:\Users\praka\AppData\Local\Programs\Microsoft VS Code\bin;C:\Program Files\Java\jdk-18.0.1\bin;C:\Users\praka\AppData\Roaming\npm;C:\Program Files\JetBrains\PyCharm Community Edition 2023.1\bin;
USERNAME=praka
OS=Windows_NT
PROCESSOR_IDENTIFIER=Intel64 Family 6 Model 140 Stepping 2, GenuineIntel



---------------  S Y S T E M  ---------------

OS:
 Windows 11 , 64 bit Build 22621 (10.0.22621.1344)
OS uptime: 2 days 1:40 hours
Hyper-V role detected

CPU: total 8 (initial active 8) (4 cores per cpu, 2 threads per core) family 6 model 140 stepping 2 microcode 0x16, cx8, cmov, fxsr, ht, mmx, 3dnowpref, sse, sse2, sse3, ssse3, sse4.1, sse4.2, popcnt, lzcnt, tsc, tscinvbit, avx, avx2, aes, erms, clmul, bmi1, bmi2, adx, avx512f, avx512dq, avx512cd, avx512bw, avx512vl, sha, fma, vzeroupper, avx512_vpopcntdq, avx512_vpclmulqdq, avx512_vaes, avx512_vnni, clflush, clflushopt, clwb, avx512_vbmi2, avx512_vbmi, hv

Memory: 4k page, system-wide physical 16126M (2598M free)
TotalPageFile size 61968M (AvailPageFile size 249M)
current process WorkingSet (physical memory assigned to process): 11M, peak: 11M
current process commit charge ("private bytes"): 60M, peak: 312M

vm_info: Java HotSpot(TM) 64-Bit Server VM (18.0.1+10-24) for windows-amd64 JRE (18.0.1+10-24), built on Mar  9 2022 22:41:56 by "mach5one" with MS VC++ 16.8 / 16.9 (VS2019)

END.
